<?xml version="1.0" encoding="UTF-8"?>
<testsuite errors="0" failures="0" hostname="william-VPCCA1S1E" name="com.lescot.GroovyRdfModelTest" tests="16" time="2.244" timestamp="2013-11-28T06:27:55">
  <properties />
  <testcase classname="com.lescot.GroovyRdfModelTest" name="testAddingATriplesWithStrings" time="0.087" />
  <testcase classname="com.lescot.GroovyRdfModelTest" name="testFindWithDescribe" time="0.383" />
  <testcase classname="com.lescot.GroovyRdfModelTest" name="testAsk" time="0.023" />
  <testcase classname="com.lescot.GroovyRdfModelTest" name="testEach" time="0.037" />
  <testcase classname="com.lescot.GroovyRdfModelTest" name="testSpin" time="0.678" />
  <testcase classname="com.lescot.GroovyRdfModelTest" name="testConstruction" time="0.01" />
  <testcase classname="com.lescot.GroovyRdfModelTest" name="testDeleteWithSparql" time="0.057" />
  <testcase classname="com.lescot.GroovyRdfModelTest" name="testAddingATripleWithSPO" time="0.067" />
  <testcase classname="com.lescot.GroovyRdfModelTest" name="testFindWithSelect" time="0.063" />
  <testcase classname="com.lescot.GroovyRdfModelTest" name="testConstructWhere" time="0.036" />
  <testcase classname="com.lescot.GroovyRdfModelTest" name="testTurtleUri" time="0.012" />
  <testcase classname="com.lescot.GroovyRdfModelTest" name="testFindWithConstruct" time="0.034" />
  <testcase classname="com.lescot.GroovyRdfModelTest" name="testInsertWithSparql" time="0.018" />
  <testcase classname="com.lescot.GroovyRdfModelTest" name="testFindWithAsk" time="0.016" />
  <testcase classname="com.lescot.GroovyRdfModelTest" name="testReason" time="0.676" />
  <testcase classname="com.lescot.GroovyRdfModelTest" name="testTurtle" time="0.022" />
  <system-out><![CDATA[]]></system-out>
  <system-err><![CDATA[28-Nov-2013 06:27:55 java_util_logging_Logger$info call
INFO: PREFIX sp: <http://spinrdf.org/sp#> 
PREFIX scxml: <http://www.w3.org/2005/07/scxml/> 
PREFIX kotg: <http://www.telekom.com/ns/kotg/> 
PREFIX provenance: <http://www.w3.org/ns/prov#> 
PREFIX rdfs: <http://www.w3.org/2000/01/rdf-schema#> 
PREFIX time: <http://www.w3.org/2006/time#> 
PREFIX mmi: <http://www.w3.org/2008/04/mmi-arch/> 
PREFIX spl: <http://spinrdf.org/spl#> 
PREFIX event: <http://purl.org/NET/c4dm/event.owl#> 
PREFIX xsd: <http://www.w3.org/2001/XMLSchema#> 
PREFIX owl: <http://www.w3.org/2002/07/owl#> 
PREFIX spin: <http://spinrdf.org/spin#> 
PREFIX rdf: <http://www.w3.org/1999/02/22-rdf-syntax-ns#> 
PREFIX kotw: <http://www.telekom.com/ns/kotw/> 
DESCRIBE kotg:Test
28-Nov-2013 06:27:56 java_util_logging_Logger$info call
INFO: executing describe query
28-Nov-2013 06:27:56 java_util_logging_Logger$info call
INFO: PREFIX sp: <http://spinrdf.org/sp#> 
PREFIX scxml: <http://www.w3.org/2005/07/scxml/> 
PREFIX kotg: <http://www.telekom.com/ns/kotg/> 
PREFIX provenance: <http://www.w3.org/ns/prov#> 
PREFIX rdfs: <http://www.w3.org/2000/01/rdf-schema#> 
PREFIX time: <http://www.w3.org/2006/time#> 
PREFIX mmi: <http://www.w3.org/2008/04/mmi-arch/> 
PREFIX spl: <http://spinrdf.org/spl#> 
PREFIX event: <http://purl.org/NET/c4dm/event.owl#> 
PREFIX xsd: <http://www.w3.org/2001/XMLSchema#> 
PREFIX owl: <http://www.w3.org/2002/07/owl#> 
PREFIX spin: <http://spinrdf.org/spin#> 
PREFIX rdf: <http://www.w3.org/1999/02/22-rdf-syntax-ns#> 
PREFIX kotw: <http://www.telekom.com/ns/kotw/> 
ASK {kotg:Test a kotg:Event}
28-Nov-2013 06:27:56 java_util_logging_Logger$info call
INFO: executing ask query
28-Nov-2013 06:27:56 java_util_logging_Logger$info call
INFO: PREFIX sp: <http://spinrdf.org/sp#> 
PREFIX scxml: <http://www.w3.org/2005/07/scxml/> 
PREFIX kotg: <http://www.telekom.com/ns/kotg/> 
PREFIX provenance: <http://www.w3.org/ns/prov#> 
PREFIX rdfs: <http://www.w3.org/2000/01/rdf-schema#> 
PREFIX time: <http://www.w3.org/2006/time#> 
PREFIX mmi: <http://www.w3.org/2008/04/mmi-arch/> 
PREFIX spl: <http://spinrdf.org/spl#> 
PREFIX event: <http://purl.org/NET/c4dm/event.owl#> 
PREFIX xsd: <http://www.w3.org/2001/XMLSchema#> 
PREFIX owl: <http://www.w3.org/2002/07/owl#> 
PREFIX spin: <http://spinrdf.org/spin#> 
PREFIX rdf: <http://www.w3.org/1999/02/22-rdf-syntax-ns#> 
PREFIX kotw: <http://www.telekom.com/ns/kotw/> 
ASK {kotg:rt a kotg:ExperienceEvent}
28-Nov-2013 06:27:56 java_util_logging_Logger$info call
INFO: executing ask query
28-Nov-2013 06:27:56 java_util_logging_Logger$info call
INFO: @prefix sp:    <http://spinrdf.org/sp#> .
@prefix scxml: <http://www.w3.org/2005/07/scxml/> .
@prefix kotg:  <http://www.telekom.com/ns/kotg/> .
@prefix rdfs:  <http://www.w3.org/2000/01/rdf-schema#> .
@prefix provenance: <http://www.w3.org/ns/prov#> .
@prefix time:  <http://www.w3.org/2006/time#> .
@prefix mmi:   <http://www.w3.org/2008/04/mmi-arch/> .
@prefix spl:   <http://spinrdf.org/spl#> .
@prefix event: <http://purl.org/NET/c4dm/event.owl#> .
@prefix owl:   <http://www.w3.org/2002/07/owl#> .
@prefix xsd:   <http://www.w3.org/2001/XMLSchema#> .
@prefix rdf:   <http://www.w3.org/1999/02/22-rdf-syntax-ns#> .
@prefix spin:  <http://spinrdf.org/spin#> .
@prefix kotw:  <http://www.telekom.com/ns/kotw/> .

kotg:testspin  kotg:inroom  kotg:testroom .

28-Nov-2013 06:27:56 java_util_logging_Logger$info call
INFO: PREFIX sp: <http://spinrdf.org/sp#> 
PREFIX scxml: <http://www.w3.org/2005/07/scxml/> 
PREFIX kotg: <http://www.telekom.com/ns/kotg/> 
PREFIX rdfs: <http://www.w3.org/2000/01/rdf-schema#> 
PREFIX provenance: <http://www.w3.org/ns/prov#> 
PREFIX time: <http://www.w3.org/2006/time#> 
PREFIX mmi: <http://www.w3.org/2008/04/mmi-arch/> 
PREFIX spl: <http://spinrdf.org/spl#> 
PREFIX event: <http://purl.org/NET/c4dm/event.owl#> 
PREFIX owl: <http://www.w3.org/2002/07/owl#> 
PREFIX xsd: <http://www.w3.org/2001/XMLSchema#> 
PREFIX rdf: <http://www.w3.org/1999/02/22-rdf-syntax-ns#> 
PREFIX spin: <http://spinrdf.org/spin#> 
PREFIX kotw: <http://www.telekom.com/ns/kotw/> 
ASK {kotg:testspin kotg:inroom kotg:testroom}
28-Nov-2013 06:27:56 java_util_logging_Logger$info call
INFO: executing ask query
28-Nov-2013 06:27:57 java_util_logging_Logger$info call
INFO: PREFIX sp: <http://spinrdf.org/sp#> 
PREFIX scxml: <http://www.w3.org/2005/07/scxml/> 
PREFIX kotg: <http://www.telekom.com/ns/kotg/> 
PREFIX provenance: <http://www.w3.org/ns/prov#> 
PREFIX rdfs: <http://www.w3.org/2000/01/rdf-schema#> 
PREFIX time: <http://www.w3.org/2006/time#> 
PREFIX mmi: <http://www.w3.org/2008/04/mmi-arch/> 
PREFIX spl: <http://spinrdf.org/spl#> 
PREFIX event: <http://purl.org/NET/c4dm/event.owl#> 
PREFIX xsd: <http://www.w3.org/2001/XMLSchema#> 
PREFIX owl: <http://www.w3.org/2002/07/owl#> 
PREFIX spin: <http://spinrdf.org/spin#> 
PREFIX rdf: <http://www.w3.org/1999/02/22-rdf-syntax-ns#> 
PREFIX kotw: <http://www.telekom.com/ns/kotw/> 
ASK {kotg:Test a kotg:Event}
28-Nov-2013 06:27:57 java_util_logging_Logger$info call
INFO: executing ask query
28-Nov-2013 06:27:57 java_util_logging_Logger$info call
INFO: PREFIX sp: <http://spinrdf.org/sp#> 
PREFIX scxml: <http://www.w3.org/2005/07/scxml/> 
PREFIX kotg: <http://www.telekom.com/ns/kotg/> 
PREFIX provenance: <http://www.w3.org/ns/prov#> 
PREFIX rdfs: <http://www.w3.org/2000/01/rdf-schema#> 
PREFIX time: <http://www.w3.org/2006/time#> 
PREFIX mmi: <http://www.w3.org/2008/04/mmi-arch/> 
PREFIX spl: <http://spinrdf.org/spl#> 
PREFIX event: <http://purl.org/NET/c4dm/event.owl#> 
PREFIX xsd: <http://www.w3.org/2001/XMLSchema#> 
PREFIX owl: <http://www.w3.org/2002/07/owl#> 
PREFIX spin: <http://spinrdf.org/spin#> 
PREFIX rdf: <http://www.w3.org/1999/02/22-rdf-syntax-ns#> 
PREFIX kotw: <http://www.telekom.com/ns/kotw/> 
SELECT ?o WHERE {kotg:Test rdfs:label ?o. }
28-Nov-2013 06:27:57 java_util_logging_Logger$info call
INFO: executing select query
28-Nov-2013 06:27:57 java_util_logging_Logger$info call
INFO: creating resultset
28-Nov-2013 06:27:57 java_util_logging_Logger$info call
INFO: blahblahblah
28-Nov-2013 06:27:57 java_util_logging_Logger$info call
INFO: PREFIX sp: <http://spinrdf.org/sp#> 
PREFIX scxml: <http://www.w3.org/2005/07/scxml/> 
PREFIX kotg: <http://www.telekom.com/ns/kotg/> 
PREFIX provenance: <http://www.w3.org/ns/prov#> 
PREFIX rdfs: <http://www.w3.org/2000/01/rdf-schema#> 
PREFIX time: <http://www.w3.org/2006/time#> 
PREFIX mmi: <http://www.w3.org/2008/04/mmi-arch/> 
PREFIX spl: <http://spinrdf.org/spl#> 
PREFIX event: <http://purl.org/NET/c4dm/event.owl#> 
PREFIX xsd: <http://www.w3.org/2001/XMLSchema#> 
PREFIX owl: <http://www.w3.org/2002/07/owl#> 
PREFIX spin: <http://spinrdf.org/spin#> 
PREFIX rdf: <http://www.w3.org/1999/02/22-rdf-syntax-ns#> 
PREFIX kotw: <http://www.telekom.com/ns/kotw/> 
SELECT ?o WHERE {kotg:Test2 a ?o. }
28-Nov-2013 06:27:57 java_util_logging_Logger$info call
INFO: executing select query
28-Nov-2013 06:27:57 java_util_logging_Logger$info call
INFO: creating resultset
28-Nov-2013 06:27:57 java_util_logging_Logger$info call
INFO: kotg:Event
28-Nov-2013 06:27:57 java_util_logging_Logger$info call
INFO: PREFIX sp: <http://spinrdf.org/sp#> 
PREFIX scxml: <http://www.w3.org/2005/07/scxml/> 
PREFIX kotg: <http://www.telekom.com/ns/kotg/> 
PREFIX provenance: <http://www.w3.org/ns/prov#> 
PREFIX rdfs: <http://www.w3.org/2000/01/rdf-schema#> 
PREFIX time: <http://www.w3.org/2006/time#> 
PREFIX mmi: <http://www.w3.org/2008/04/mmi-arch/> 
PREFIX spl: <http://spinrdf.org/spl#> 
PREFIX event: <http://purl.org/NET/c4dm/event.owl#> 
PREFIX xsd: <http://www.w3.org/2001/XMLSchema#> 
PREFIX owl: <http://www.w3.org/2002/07/owl#> 
PREFIX spin: <http://spinrdf.org/spin#> 
PREFIX rdf: <http://www.w3.org/1999/02/22-rdf-syntax-ns#> 
PREFIX kotw: <http://www.telekom.com/ns/kotw/> 
CONSTRUCT {kotg:Test ?p ?o} 
WHERE {kotg:Test ?p ?o} 

28-Nov-2013 06:27:57 java_util_logging_Logger$info call
INFO: executing construct query
28-Nov-2013 06:27:57 java_util_logging_Logger$info call
INFO: PREFIX sp: <http://spinrdf.org/sp#> 
PREFIX scxml: <http://www.w3.org/2005/07/scxml/> 
PREFIX kotg: <http://www.telekom.com/ns/kotg/> 
PREFIX provenance: <http://www.w3.org/ns/prov#> 
PREFIX rdfs: <http://www.w3.org/2000/01/rdf-schema#> 
PREFIX time: <http://www.w3.org/2006/time#> 
PREFIX mmi: <http://www.w3.org/2008/04/mmi-arch/> 
PREFIX spl: <http://spinrdf.org/spl#> 
PREFIX event: <http://purl.org/NET/c4dm/event.owl#> 
PREFIX xsd: <http://www.w3.org/2001/XMLSchema#> 
PREFIX owl: <http://www.w3.org/2002/07/owl#> 
PREFIX spin: <http://spinrdf.org/spin#> 
PREFIX rdf: <http://www.w3.org/1999/02/22-rdf-syntax-ns#> 
PREFIX kotw: <http://www.telekom.com/ns/kotw/> 
ASK {kotg:Test a kotg:Event}
28-Nov-2013 06:27:57 java_util_logging_Logger$info call
INFO: executing ask query
28-Nov-2013 06:27:57 java_util_logging_Logger$info call
INFO: PREFIX sp: <http://spinrdf.org/sp#> 
PREFIX scxml: <http://www.w3.org/2005/07/scxml/> 
PREFIX kotg: <http://www.telekom.com/ns/kotg/> 
PREFIX provenance: <http://www.w3.org/ns/prov#> 
PREFIX rdfs: <http://www.w3.org/2000/01/rdf-schema#> 
PREFIX time: <http://www.w3.org/2006/time#> 
PREFIX mmi: <http://www.w3.org/2008/04/mmi-arch/> 
PREFIX spl: <http://spinrdf.org/spl#> 
PREFIX event: <http://purl.org/NET/c4dm/event.owl#> 
PREFIX xsd: <http://www.w3.org/2001/XMLSchema#> 
PREFIX owl: <http://www.w3.org/2002/07/owl#> 
PREFIX spin: <http://spinrdf.org/spin#> 
PREFIX rdf: <http://www.w3.org/1999/02/22-rdf-syntax-ns#> 
PREFIX kotw: <http://www.telekom.com/ns/kotw/> 
ASK {kotg:Test rdfs:label 'blahblahblah'}
28-Nov-2013 06:27:57 java_util_logging_Logger$info call
INFO: executing ask query
28-Nov-2013 06:27:57 java_util_logging_Logger$info call
INFO: PREFIX sp: <http://spinrdf.org/sp#> 
PREFIX scxml: <http://www.w3.org/2005/07/scxml/> 
PREFIX kotg: <http://www.telekom.com/ns/kotg/> 
PREFIX provenance: <http://www.w3.org/ns/prov#> 
PREFIX rdfs: <http://www.w3.org/2000/01/rdf-schema#> 
PREFIX time: <http://www.w3.org/2006/time#> 
PREFIX mmi: <http://www.w3.org/2008/04/mmi-arch/> 
PREFIX spl: <http://spinrdf.org/spl#> 
PREFIX event: <http://purl.org/NET/c4dm/event.owl#> 
PREFIX xsd: <http://www.w3.org/2001/XMLSchema#> 
PREFIX owl: <http://www.w3.org/2002/07/owl#> 
PREFIX spin: <http://spinrdf.org/spin#> 
PREFIX rdf: <http://www.w3.org/1999/02/22-rdf-syntax-ns#> 
PREFIX kotw: <http://www.telekom.com/ns/kotw/> 
CONSTRUCT {kotg:Test ?p ?o} WHERE {kotg:Test ?p ?o.}
28-Nov-2013 06:27:57 java_util_logging_Logger$info call
INFO: executing construct query
28-Nov-2013 06:27:57 java_util_logging_Logger$info call
INFO: PREFIX sp: <http://spinrdf.org/sp#> 
PREFIX scxml: <http://www.w3.org/2005/07/scxml/> 
PREFIX kotg: <http://www.telekom.com/ns/kotg/> 
PREFIX provenance: <http://www.w3.org/ns/prov#> 
PREFIX rdfs: <http://www.w3.org/2000/01/rdf-schema#> 
PREFIX time: <http://www.w3.org/2006/time#> 
PREFIX mmi: <http://www.w3.org/2008/04/mmi-arch/> 
PREFIX spl: <http://spinrdf.org/spl#> 
PREFIX event: <http://purl.org/NET/c4dm/event.owl#> 
PREFIX xsd: <http://www.w3.org/2001/XMLSchema#> 
PREFIX owl: <http://www.w3.org/2002/07/owl#> 
PREFIX spin: <http://spinrdf.org/spin#> 
PREFIX rdf: <http://www.w3.org/1999/02/22-rdf-syntax-ns#> 
PREFIX kotw: <http://www.telekom.com/ns/kotw/> 
ASK {kotg:Test a kotg:Event}
28-Nov-2013 06:27:57 java_util_logging_Logger$info call
INFO: executing ask query
28-Nov-2013 06:27:57 java_util_logging_Logger$info call
INFO: PREFIX sp: <http://spinrdf.org/sp#> 
PREFIX scxml: <http://www.w3.org/2005/07/scxml/> 
PREFIX kotg: <http://www.telekom.com/ns/kotg/> 
PREFIX provenance: <http://www.w3.org/ns/prov#> 
PREFIX rdfs: <http://www.w3.org/2000/01/rdf-schema#> 
PREFIX time: <http://www.w3.org/2006/time#> 
PREFIX mmi: <http://www.w3.org/2008/04/mmi-arch/> 
PREFIX spl: <http://spinrdf.org/spl#> 
PREFIX event: <http://purl.org/NET/c4dm/event.owl#> 
PREFIX xsd: <http://www.w3.org/2001/XMLSchema#> 
PREFIX owl: <http://www.w3.org/2002/07/owl#> 
PREFIX spin: <http://spinrdf.org/spin#> 
PREFIX rdf: <http://www.w3.org/1999/02/22-rdf-syntax-ns#> 
PREFIX kotw: <http://www.telekom.com/ns/kotw/> 
ASK {kotg:Test rdfs:label 'blahblahblah'}
28-Nov-2013 06:27:57 java_util_logging_Logger$info call
INFO: executing ask query
28-Nov-2013 06:27:57 java_util_logging_Logger$info call
INFO: PREFIX sp: <http://spinrdf.org/sp#> 
PREFIX scxml: <http://www.w3.org/2005/07/scxml/> 
PREFIX kotg: <http://www.telekom.com/ns/kotg/> 
PREFIX provenance: <http://www.w3.org/ns/prov#> 
PREFIX rdfs: <http://www.w3.org/2000/01/rdf-schema#> 
PREFIX time: <http://www.w3.org/2006/time#> 
PREFIX mmi: <http://www.w3.org/2008/04/mmi-arch/> 
PREFIX spl: <http://spinrdf.org/spl#> 
PREFIX event: <http://purl.org/NET/c4dm/event.owl#> 
PREFIX xsd: <http://www.w3.org/2001/XMLSchema#> 
PREFIX owl: <http://www.w3.org/2002/07/owl#> 
PREFIX spin: <http://spinrdf.org/spin#> 
PREFIX rdf: <http://www.w3.org/1999/02/22-rdf-syntax-ns#> 
PREFIX kotw: <http://www.telekom.com/ns/kotw/> 
ASK {kotg:Test a kotg:Event}
28-Nov-2013 06:27:57 java_util_logging_Logger$info call
INFO: executing ask query
28-Nov-2013 06:27:57 java_util_logging_Logger$info call
INFO: PREFIX sp: <http://spinrdf.org/sp#> 
PREFIX scxml: <http://www.w3.org/2005/07/scxml/> 
PREFIX kotg: <http://www.telekom.com/ns/kotg/> 
PREFIX provenance: <http://www.w3.org/ns/prov#> 
PREFIX rdfs: <http://www.w3.org/2000/01/rdf-schema#> 
PREFIX time: <http://www.w3.org/2006/time#> 
PREFIX mmi: <http://www.w3.org/2008/04/mmi-arch/> 
PREFIX spl: <http://spinrdf.org/spl#> 
PREFIX event: <http://purl.org/NET/c4dm/event.owl#> 
PREFIX xsd: <http://www.w3.org/2001/XMLSchema#> 
PREFIX owl: <http://www.w3.org/2002/07/owl#> 
PREFIX spin: <http://spinrdf.org/spin#> 
PREFIX rdf: <http://www.w3.org/1999/02/22-rdf-syntax-ns#> 
PREFIX kotw: <http://www.telekom.com/ns/kotw/> 
ASK {kotg:Test a kotg:Event}
28-Nov-2013 06:27:57 java_util_logging_Logger$info call
INFO: executing ask query
28-Nov-2013 06:27:57 java_util_logging_Logger$info call
INFO: PREFIX sp: <http://spinrdf.org/sp#> 
PREFIX scxml: <http://www.w3.org/2005/07/scxml/> 
PREFIX kotg: <http://www.telekom.com/ns/kotg/> 
PREFIX rdfs: <http://www.w3.org/2000/01/rdf-schema#> 
PREFIX provenance: <http://www.w3.org/ns/prov#> 
PREFIX time: <http://www.w3.org/2006/time#> 
PREFIX mmi: <http://www.w3.org/2008/04/mmi-arch/> 
PREFIX spl: <http://spinrdf.org/spl#> 
PREFIX event: <http://purl.org/NET/c4dm/event.owl#> 
PREFIX owl: <http://www.w3.org/2002/07/owl#> 
PREFIX xsd: <http://www.w3.org/2001/XMLSchema#> 
PREFIX rdf: <http://www.w3.org/1999/02/22-rdf-syntax-ns#> 
PREFIX spin: <http://spinrdf.org/spin#> 
PREFIX kotw: <http://www.telekom.com/ns/kotw/> 
ASK {kotg:rt a kotg:Event}
28-Nov-2013 06:27:57 java_util_logging_Logger$info call
INFO: executing ask query
]]></system-err>
</testsuite>
