<?xml version="1.0" encoding="UTF-8"?>
<testsuite errors="0" failures="0" hostname="william-VPCCA1S1E" name="com.lescot.GroovyRdfStatementTest" tests="1" time="0.809" timestamp="2013-11-10T00:33:51">
  <properties />
  <testcase classname="com.lescot.GroovyRdfStatementTest" name="testSPO" time="0.566" />
  <system-out><![CDATA[]]></system-out>
  <system-err><![CDATA[]]></system-err>
</testsuite>
