<?xml version="1.0" encoding="UTF-8"?>
<testsuite errors="0" failures="1" hostname="william-VPCCA1S1E" name="com.lescot.GroovyRdfModelTest" tests="16" time="1.522" timestamp="2013-11-10T00:33:52">
  <properties />
  <testcase classname="com.lescot.GroovyRdfModelTest" name="testAddingATriplesWithStrings" time="0.107" />
  <testcase classname="com.lescot.GroovyRdfModelTest" name="testFindWithDescribe" time="0.271" />
  <testcase classname="com.lescot.GroovyRdfModelTest" name="testDeleteWhere" time="0.024">
    <failure message="Assertion failed: &#xa;&#xa;assert !model.sparql(&quot;ASK {kotg:rt a kotg:ExperienceEvent}&quot;)&#xa;       ||     |&#xa;       ||     true&#xa;       |&lt;ModelCom   {kotg: @owl:imports provenance:; kotg: @owl:imports mmi:; kotg: @owl:imports scxml:; kotg: @owl:imports kotw:; kotg: @rdf:type owl:Ontology; kotg:RoomsWithHealthCareProfessionals @owl:equivalentClass -19eec85b:1423f6dd872:-7ffb; kotg:RoomsWithHealthCareProfessionals @rdf:type rdfs:Class; kotg:life-room-projector @scxml:hasState mmi:running; kotg:life-room-projector @scxml:hasState mmi:paused; kotg:life-room-projector @scxml:hasState mmi:idle; kotg:life-room-projector @rdf:type mmi:ModalityComponent; kotg:VoiceSynthesiserComponent @rdfs:subClassOf mmi:ModalityComponent; kotg:VoiceSynthesiserComponent @rdf:type rdfs:Class; kotg:occupies @rdf:type owl:ObjectProperty; kotg:Room @rdf:type rdfs:Class; kotg:ExperienceEvent @rdfs:subClassOf kotg:Event; kotg:ExperienceEvent @rdfs:label &quot;An experience event&quot;...} |  [http://www.telekom.com/ns/kotg/, http://www.w3.org/2002/07/owl#imports, http://www.w3.org/ns/prov#] [http://www.telekom.com/ns/kotg/, http://www.w3.org/2002/07/owl#imports, http://www.w3.org/2008/04/mmi-arch/] [http://www.telekom.com/ns/kotg/, http://www.w3.org/2002/07/owl#imports, http://www.w3.org/2005/07/scxml/] [http://www.telekom.com/ns/kotg/, http://www.w3.org/2002/07/owl#imports, http://www.telekom.com/ns/kotw/] [http://www.telekom.com/ns/kotg/, http://www.w3.org/1999/02/22-rdf-syntax-ns#type, http://www.w3.org/2002/07/owl#Ontology] [http://www.telekom.com/ns/kotg/RoomsWithHealthCareProfessionals, http://www.w3.org/2002/07/owl#equivalentClass, -19eec85b:1423f6dd872:-7ffb] [http://www.telekom.com/ns/kotg/RoomsWithHealthCareProfessionals, http://www.w3.org/1999/02/22-rdf-syntax-ns#type, http://www.w3.org/2000/01/rdf-schema#Class] [http://www.telekom.com/ns/kotg/life-room-projector, http://www.w3.org/2005/07/scxml/hasState, http://www.w3.org/2008/04/mmi-arch/running] [http://www.telekom.com/ns/kotg/life-room-projector, http://www.w3.org/2005/07/scxml/hasState, http://www.w3.org/2008/04/mmi-arch/paused] [http://www.telekom.com/ns/kotg/life-room-projector, http://www.w3.org/2005/07/scxml/hasState, http://www.w3.org/2008/04/mmi-arch/idle] [http://www.telekom.com/ns/kotg/life-room-projector, http://www.w3.org/1999/02/22-rdf-syntax-ns#type, http://www.w3.org/2008/04/mmi-arch/ModalityComponent] [http://www.telekom.com/ns/kotg/VoiceSynthesiserComponent, http://www.w3.org/2000/01/rdf-schema#subClassOf, http://www.w3.org/2008/04/mmi-arch/ModalityComponent] [http://www.telekom.com/ns/kotg/VoiceSynthesiserComponent, http://www.w3.org/1999/02/22-rdf-syntax-ns#type, http://www.w3.org/2000/01/rdf-schema#Class] [http://www.telekom.com/ns/kotg/occupies, http://www.w3.org/1999/02/22-rdf-syntax-ns#type, http://www.w3.org/2002/07/owl#ObjectProperty] [http://www.telekom.com/ns/kotg/Room, http://www.w3.org/1999/02/22-rdf-syntax-ns#type, http://www.w3.org/2000/01/rdf-schema#Class] [http://www.telekom.com/ns/kotg/ExperienceEvent, http://www.w3.org/2000/01/rdf-schema#subClassOf, http://www.telekom.com/ns/kotg/Event] [http://www.telekom.com/ns/kotg/ExperienceEvent, http://www.w3.org/2000/01/rdf-schema#label, &quot;An experience event&quot;] [http://www.telekom.com/ns/kotg/ExperienceEvent, http://www.w3.org/1999/02/22-rdf-syntax-ns#type, http://www.w3.org/2000/01/rdf-schema#Class] [http://www.telekom.com/ns/kotg/Experience, http://www.w3.org/1999/02/22-rdf-syntax-ns#type, http://www.w3.org/2000/01/rdf-schema#Class] [http://www.telekom.com/ns/kotg/TransitionTriggerEvent, http://www.w3.org/2000/01/rdf-schema#subClassOf, http://www.telekom.com/ns/kotg/Event] [http://www.telekom.com/ns/kotg/TransitionTriggerEvent, http://www.w3.org/1999/02/22-rdf-syntax-ns#type, http://www.w3.org/2000/01/rdf-schema#Class] [http://www.telekom.com/ns/kotg/screenWidth, http://www.w3.org/2000/01/rdf-schema#range, http://www.w3.org/2001/XMLSchema#integer] [http://www.telekom.com/ns/kotg/screenWidth, http://www.w3.org/1999/02/22-rdf-syntax-ns#type, http://www.w3.org/2002/07/owl#DatatypeProperty] [http://www.telekom.com/ns/kotg/TouchScreenComponent, http://www.w3.org/1999/02/22-rdf-syntax-ns#type, http://www.w3.org/2000/01/rdf-schema#Class] [http://www.telekom.com/ns/kotg/life-experience-idle, http://www.w3.org/2005/07/scxml/hasTransition, -19eec85b:1423f6dd872:-7ffa] [http://www.telekom.com/ns/kotg/life-experience-idle, http://www.w3.org/1999/02/22-rdf-syntax-ns#type, http://www.w3.org/2005/07/scxml/State] [http://www.telekom.com/ns/kotg/rt, http://www.w3.org/1999/02/22-rdf-syntax-ns#type, http://www.telekom.com/ns/kotg/ExperienceEvent] [http://www.telekom.com/ns/kotg/Event, http://www.w3.org/2000/01/rdf-schema#subClassOf, http://purl.org/NET/c4dm/event.owl#Event] [http://www.telekom.com/ns/kotg/Event, http://www.w3.org/2000/01/rdf-schema#label, &quot;An event&quot;] [http://www.telekom.com/ns/kotg/Event, http://www.w3.org/1999/02/22-rdf-syntax-ns#type, http://www.w3.org/2000/01/rdf-schema#Class] [http://www.telekom.com/ns/kotg/life-experience, http://www.w3.org/2005/07/scxml/hasState, http://www.telekom.com/ns/kotg/life-experience-has-just-asked-a-question] [http://www.telekom.com/ns/kotg/life-experience, http://www.w3.org/2005/07/scxml/hasState, http://www.telekom.com/ns/kotg/life-experience-start] [http://www.telekom.com/ns/kotg/life-experience, http://www.w3.org/2005/07/scxml/hasState, http://www.telekom.com/ns/kotg/life-experience-idle] [http://www.telekom.com/ns/kotg/life-experience, http://www.w3.org/1999/02/22-rdf-syntax-ns#type, http://www.telekom.com/ns/kotg/Experience] [http://www.telekom.com/ns/kotg/screenHeight, http://www.w3.org/2000/01/rdf-schema#range, http://www.w3.org/2001/XMLSchema#integer] [http://www.telekom.com/ns/kotg/screenHeight, http://www.w3.org/1999/02/22-rdf-syntax-ns#type, http://www.w3.org/2002/07/owl#DatatypeProperty] [http://www.telekom.com/ns/kotg/life-room-voice-input, http://www.w3.org/2005/07/scxml/hasState, http://www.w3.org/2008/04/mmi-arch/running] [http://www.telekom.com/ns/kotg/life-room-voice-input, http://www.w3.org/2005/07/scxml/hasState, http://www.w3.org/2008/04/mmi-arch/paused] [http://www.telekom.com/ns/kotg/life-room-voice-input, http://www.w3.org/2005/07/scxml/hasState, http://www.w3.org/2008/04/mmi-arch/idle] [http://www.telekom.com/ns/kotg/life-room-voice-input, http://www.w3.org/1999/02/22-rdf-syntax-ns#type, http://www.w3.org/2008/04/mmi-arch/ModalityComponent] [-19eec85b:1423f6dd872:-7ffb, http://www.w3.org/2002/07/owl#onClass, http://www.telekom.com/ns/kotw/HealthCareProfessional] [-19eec85b:1423f6dd872:-7ffb, http://www.w3.org/2002/07/owl#minQualifiedCardinality, &quot;3&quot;^^http://www.w3.org/2001/XMLSchema#nonNegativeInteger] [-19eec85b:1423f6dd872:-7ffb, http://www.w3.org/2002/07/owl#onProperty, http://www.telekom.com/ns/kotg/occupiedBy] [-19eec85b:1423f6dd872:-7ffb, http://www.w3.org/1999/02/22-rdf-syntax-ns#type, http://www.w3.org/2002/07/owl#Restriction] [http://www.telekom.com/ns/kotg/occupiedBy, http://www.w3.org/2002/07/owl#inverseOf, http://www.telekom.com/ns/kotg/occupies] [http://www.telekom.com/ns/kotg/occupiedBy, http://www.w3.org/1999/02/22-rdf-syntax-ns#type, http://www.w3.org/2002/07/owl#ObjectProperty] [http://www.telekom.com/ns/kotg/VoiceInputComponent, http://www.w3.org/2000/01/rdf-schema#subClassOf, http://www.w3.org/2008/04/mmi-arch/ModalityComponent] [http://www.telekom.com/ns/kotg/VoiceInputComponent, http://www.w3.org/1999/02/22-rdf-syntax-ns#type, http://www.w3.org/2000/01/rdf-schema#Class] [-19eec85b:1423f6dd872:-7ffa, http://www.w3.org/2005/07/scxml/target, http://www.telekom.com/ns/kotg/life-experience-start] [-19eec85b:1423f6dd872:-7ffa, http://www.w3.org/2005/07/scxml/event, http://www.telekom.com/ns/kotg/LifeExperienceStartEvent] [http://www.telekom.com/ns/kotg/life-room, http://www.w3.org/1999/02/22-rdf-syntax-ns#type, http://www.telekom.com/ns/kotg/Room]&gt;&#xa;       false&#xa;" type="org.codehaus.groovy.runtime.powerassert.PowerAssertionError">Assertion failed: 

assert !model.sparql(&quot;ASK {kotg:rt a kotg:ExperienceEvent}&quot;)
       ||     |
       ||     true
       |&lt;ModelCom   {kotg: @owl:imports provenance:; kotg: @owl:imports mmi:; kotg: @owl:imports scxml:; kotg: @owl:imports kotw:; kotg: @rdf:type owl:Ontology; kotg:RoomsWithHealthCareProfessionals @owl:equivalentClass -19eec85b:1423f6dd872:-7ffb; kotg:RoomsWithHealthCareProfessionals @rdf:type rdfs:Class; kotg:life-room-projector @scxml:hasState mmi:running; kotg:life-room-projector @scxml:hasState mmi:paused; kotg:life-room-projector @scxml:hasState mmi:idle; kotg:life-room-projector @rdf:type mmi:ModalityComponent; kotg:VoiceSynthesiserComponent @rdfs:subClassOf mmi:ModalityComponent; kotg:VoiceSynthesiserComponent @rdf:type rdfs:Class; kotg:occupies @rdf:type owl:ObjectProperty; kotg:Room @rdf:type rdfs:Class; kotg:ExperienceEvent @rdfs:subClassOf kotg:Event; kotg:ExperienceEvent @rdfs:label &quot;An experience event&quot;...} |  [http://www.telekom.com/ns/kotg/, http://www.w3.org/2002/07/owl#imports, http://www.w3.org/ns/prov#] [http://www.telekom.com/ns/kotg/, http://www.w3.org/2002/07/owl#imports, http://www.w3.org/2008/04/mmi-arch/] [http://www.telekom.com/ns/kotg/, http://www.w3.org/2002/07/owl#imports, http://www.w3.org/2005/07/scxml/] [http://www.telekom.com/ns/kotg/, http://www.w3.org/2002/07/owl#imports, http://www.telekom.com/ns/kotw/] [http://www.telekom.com/ns/kotg/, http://www.w3.org/1999/02/22-rdf-syntax-ns#type, http://www.w3.org/2002/07/owl#Ontology] [http://www.telekom.com/ns/kotg/RoomsWithHealthCareProfessionals, http://www.w3.org/2002/07/owl#equivalentClass, -19eec85b:1423f6dd872:-7ffb] [http://www.telekom.com/ns/kotg/RoomsWithHealthCareProfessionals, http://www.w3.org/1999/02/22-rdf-syntax-ns#type, http://www.w3.org/2000/01/rdf-schema#Class] [http://www.telekom.com/ns/kotg/life-room-projector, http://www.w3.org/2005/07/scxml/hasState, http://www.w3.org/2008/04/mmi-arch/running] [http://www.telekom.com/ns/kotg/life-room-projector, http://www.w3.org/2005/07/scxml/hasState, http://www.w3.org/2008/04/mmi-arch/paused] [http://www.telekom.com/ns/kotg/life-room-projector, http://www.w3.org/2005/07/scxml/hasState, http://www.w3.org/2008/04/mmi-arch/idle] [http://www.telekom.com/ns/kotg/life-room-projector, http://www.w3.org/1999/02/22-rdf-syntax-ns#type, http://www.w3.org/2008/04/mmi-arch/ModalityComponent] [http://www.telekom.com/ns/kotg/VoiceSynthesiserComponent, http://www.w3.org/2000/01/rdf-schema#subClassOf, http://www.w3.org/2008/04/mmi-arch/ModalityComponent] [http://www.telekom.com/ns/kotg/VoiceSynthesiserComponent, http://www.w3.org/1999/02/22-rdf-syntax-ns#type, http://www.w3.org/2000/01/rdf-schema#Class] [http://www.telekom.com/ns/kotg/occupies, http://www.w3.org/1999/02/22-rdf-syntax-ns#type, http://www.w3.org/2002/07/owl#ObjectProperty] [http://www.telekom.com/ns/kotg/Room, http://www.w3.org/1999/02/22-rdf-syntax-ns#type, http://www.w3.org/2000/01/rdf-schema#Class] [http://www.telekom.com/ns/kotg/ExperienceEvent, http://www.w3.org/2000/01/rdf-schema#subClassOf, http://www.telekom.com/ns/kotg/Event] [http://www.telekom.com/ns/kotg/ExperienceEvent, http://www.w3.org/2000/01/rdf-schema#label, &quot;An experience event&quot;] [http://www.telekom.com/ns/kotg/ExperienceEvent, http://www.w3.org/1999/02/22-rdf-syntax-ns#type, http://www.w3.org/2000/01/rdf-schema#Class] [http://www.telekom.com/ns/kotg/Experience, http://www.w3.org/1999/02/22-rdf-syntax-ns#type, http://www.w3.org/2000/01/rdf-schema#Class] [http://www.telekom.com/ns/kotg/TransitionTriggerEvent, http://www.w3.org/2000/01/rdf-schema#subClassOf, http://www.telekom.com/ns/kotg/Event] [http://www.telekom.com/ns/kotg/TransitionTriggerEvent, http://www.w3.org/1999/02/22-rdf-syntax-ns#type, http://www.w3.org/2000/01/rdf-schema#Class] [http://www.telekom.com/ns/kotg/screenWidth, http://www.w3.org/2000/01/rdf-schema#range, http://www.w3.org/2001/XMLSchema#integer] [http://www.telekom.com/ns/kotg/screenWidth, http://www.w3.org/1999/02/22-rdf-syntax-ns#type, http://www.w3.org/2002/07/owl#DatatypeProperty] [http://www.telekom.com/ns/kotg/TouchScreenComponent, http://www.w3.org/1999/02/22-rdf-syntax-ns#type, http://www.w3.org/2000/01/rdf-schema#Class] [http://www.telekom.com/ns/kotg/life-experience-idle, http://www.w3.org/2005/07/scxml/hasTransition, -19eec85b:1423f6dd872:-7ffa] [http://www.telekom.com/ns/kotg/life-experience-idle, http://www.w3.org/1999/02/22-rdf-syntax-ns#type, http://www.w3.org/2005/07/scxml/State] [http://www.telekom.com/ns/kotg/rt, http://www.w3.org/1999/02/22-rdf-syntax-ns#type, http://www.telekom.com/ns/kotg/ExperienceEvent] [http://www.telekom.com/ns/kotg/Event, http://www.w3.org/2000/01/rdf-schema#subClassOf, http://purl.org/NET/c4dm/event.owl#Event] [http://www.telekom.com/ns/kotg/Event, http://www.w3.org/2000/01/rdf-schema#label, &quot;An event&quot;] [http://www.telekom.com/ns/kotg/Event, http://www.w3.org/1999/02/22-rdf-syntax-ns#type, http://www.w3.org/2000/01/rdf-schema#Class] [http://www.telekom.com/ns/kotg/life-experience, http://www.w3.org/2005/07/scxml/hasState, http://www.telekom.com/ns/kotg/life-experience-has-just-asked-a-question] [http://www.telekom.com/ns/kotg/life-experience, http://www.w3.org/2005/07/scxml/hasState, http://www.telekom.com/ns/kotg/life-experience-start] [http://www.telekom.com/ns/kotg/life-experience, http://www.w3.org/2005/07/scxml/hasState, http://www.telekom.com/ns/kotg/life-experience-idle] [http://www.telekom.com/ns/kotg/life-experience, http://www.w3.org/1999/02/22-rdf-syntax-ns#type, http://www.telekom.com/ns/kotg/Experience] [http://www.telekom.com/ns/kotg/screenHeight, http://www.w3.org/2000/01/rdf-schema#range, http://www.w3.org/2001/XMLSchema#integer] [http://www.telekom.com/ns/kotg/screenHeight, http://www.w3.org/1999/02/22-rdf-syntax-ns#type, http://www.w3.org/2002/07/owl#DatatypeProperty] [http://www.telekom.com/ns/kotg/life-room-voice-input, http://www.w3.org/2005/07/scxml/hasState, http://www.w3.org/2008/04/mmi-arch/running] [http://www.telekom.com/ns/kotg/life-room-voice-input, http://www.w3.org/2005/07/scxml/hasState, http://www.w3.org/2008/04/mmi-arch/paused] [http://www.telekom.com/ns/kotg/life-room-voice-input, http://www.w3.org/2005/07/scxml/hasState, http://www.w3.org/2008/04/mmi-arch/idle] [http://www.telekom.com/ns/kotg/life-room-voice-input, http://www.w3.org/1999/02/22-rdf-syntax-ns#type, http://www.w3.org/2008/04/mmi-arch/ModalityComponent] [-19eec85b:1423f6dd872:-7ffb, http://www.w3.org/2002/07/owl#onClass, http://www.telekom.com/ns/kotw/HealthCareProfessional] [-19eec85b:1423f6dd872:-7ffb, http://www.w3.org/2002/07/owl#minQualifiedCardinality, &quot;3&quot;^^http://www.w3.org/2001/XMLSchema#nonNegativeInteger] [-19eec85b:1423f6dd872:-7ffb, http://www.w3.org/2002/07/owl#onProperty, http://www.telekom.com/ns/kotg/occupiedBy] [-19eec85b:1423f6dd872:-7ffb, http://www.w3.org/1999/02/22-rdf-syntax-ns#type, http://www.w3.org/2002/07/owl#Restriction] [http://www.telekom.com/ns/kotg/occupiedBy, http://www.w3.org/2002/07/owl#inverseOf, http://www.telekom.com/ns/kotg/occupies] [http://www.telekom.com/ns/kotg/occupiedBy, http://www.w3.org/1999/02/22-rdf-syntax-ns#type, http://www.w3.org/2002/07/owl#ObjectProperty] [http://www.telekom.com/ns/kotg/VoiceInputComponent, http://www.w3.org/2000/01/rdf-schema#subClassOf, http://www.w3.org/2008/04/mmi-arch/ModalityComponent] [http://www.telekom.com/ns/kotg/VoiceInputComponent, http://www.w3.org/1999/02/22-rdf-syntax-ns#type, http://www.w3.org/2000/01/rdf-schema#Class] [-19eec85b:1423f6dd872:-7ffa, http://www.w3.org/2005/07/scxml/target, http://www.telekom.com/ns/kotg/life-experience-start] [-19eec85b:1423f6dd872:-7ffa, http://www.w3.org/2005/07/scxml/event, http://www.telekom.com/ns/kotg/LifeExperienceStartEvent] [http://www.telekom.com/ns/kotg/life-room, http://www.w3.org/1999/02/22-rdf-syntax-ns#type, http://www.telekom.com/ns/kotg/Room]&gt;
       false

	at org.codehaus.groovy.runtime.InvokerHelper.assertFailed(InvokerHelper.java:399)
	at org.codehaus.groovy.runtime.ScriptBytecodeAdapter.assertFailed(ScriptBytecodeAdapter.java:655)
	at com.lescot.GroovyRdfModelTest.testDeleteWhere(GroovyRdfModelTest.groovy:251)
	at sun.reflect.NativeMethodAccessorImpl.invoke0(Native Method)
	at sun.reflect.NativeMethodAccessorImpl.invoke(NativeMethodAccessorImpl.java:57)
	at sun.reflect.DelegatingMethodAccessorImpl.invoke(DelegatingMethodAccessorImpl.java:43)
	at java.lang.reflect.Method.invoke(Method.java:616)
	at junit.framework.TestCase.runTest(TestCase.java:176)
	at junit.framework.TestCase.runBare(TestCase.java:141)
	at junit.framework.TestResult$1.protect(TestResult.java:122)
	at junit.framework.TestResult.runProtected(TestResult.java:142)
	at junit.framework.TestResult.run(TestResult.java:125)
	at junit.framework.TestCase.run(TestCase.java:129)
	at junit.framework.TestSuite.runTest(TestSuite.java:255)
	at junit.framework.TestSuite.run(TestSuite.java:250)
	at org.junit.internal.runners.JUnit38ClassRunner.run(JUnit38ClassRunner.java:84)
	at org.gradle.api.internal.tasks.testing.junit.JUnitTestClassExecuter.runTestClass(JUnitTestClassExecuter.java:55)
	at org.gradle.api.internal.tasks.testing.junit.JUnitTestClassExecuter.execute(JUnitTestClassExecuter.java:42)
	at org.gradle.api.internal.tasks.testing.junit.JUnitTestClassProcessor.processTestClass(JUnitTestClassProcessor.java:75)
	at org.gradle.api.internal.tasks.testing.SuiteTestClassProcessor.processTestClass(SuiteTestClassProcessor.java:49)
	at sun.reflect.NativeMethodAccessorImpl.invoke0(Native Method)
	at sun.reflect.NativeMethodAccessorImpl.invoke(NativeMethodAccessorImpl.java:57)
	at sun.reflect.DelegatingMethodAccessorImpl.invoke(DelegatingMethodAccessorImpl.java:43)
	at java.lang.reflect.Method.invoke(Method.java:616)
	at org.gradle.messaging.dispatch.ReflectionDispatch.dispatch(ReflectionDispatch.java:35)
	at org.gradle.messaging.dispatch.ReflectionDispatch.dispatch(ReflectionDispatch.java:24)
	at org.gradle.messaging.dispatch.ContextClassLoaderDispatch.dispatch(ContextClassLoaderDispatch.java:32)
	at org.gradle.messaging.dispatch.ProxyDispatchAdapter$DispatchingInvocationHandler.invoke(ProxyDispatchAdapter.java:93)
	at sun.proxy.$Proxy2.processTestClass(Unknown Source)
	at org.gradle.api.internal.tasks.testing.worker.TestWorker.processTestClass(TestWorker.java:103)
	at sun.reflect.NativeMethodAccessorImpl.invoke0(Native Method)
	at sun.reflect.NativeMethodAccessorImpl.invoke(NativeMethodAccessorImpl.java:57)
	at sun.reflect.DelegatingMethodAccessorImpl.invoke(DelegatingMethodAccessorImpl.java:43)
	at java.lang.reflect.Method.invoke(Method.java:616)
	at org.gradle.messaging.dispatch.ReflectionDispatch.dispatch(ReflectionDispatch.java:35)
	at org.gradle.messaging.dispatch.ReflectionDispatch.dispatch(ReflectionDispatch.java:24)
	at org.gradle.messaging.remote.internal.TypeCastDispatch.dispatch(TypeCastDispatch.java:30)
	at org.gradle.messaging.remote.internal.WorkerProtocol.handleIncoming(WorkerProtocol.java:53)
	at org.gradle.messaging.remote.internal.WorkerProtocol.handleIncoming(WorkerProtocol.java:31)
	at org.gradle.messaging.remote.internal.ProtocolStack$ProtocolStage.handleIncoming(ProtocolStack.java:167)
	at org.gradle.messaging.remote.internal.ProtocolStack$BottomStage.handleIncoming(ProtocolStack.java:277)
	at org.gradle.messaging.remote.internal.ProtocolStack$BottomConnection$1.run(ProtocolStack.java:299)
	at org.gradle.messaging.remote.internal.ProtocolStack$ExecuteRunnable.dispatch(ProtocolStack.java:120)
	at org.gradle.messaging.remote.internal.ProtocolStack$ExecuteRunnable.dispatch(ProtocolStack.java:116)
	at org.gradle.messaging.dispatch.AsyncDispatch.dispatchMessages(AsyncDispatch.java:132)
	at org.gradle.messaging.dispatch.AsyncDispatch.access$000(AsyncDispatch.java:33)
	at org.gradle.messaging.dispatch.AsyncDispatch$1.run(AsyncDispatch.java:72)
	at org.gradle.internal.concurrent.DefaultExecutorFactory$StoppableExecutorImpl$1.run(DefaultExecutorFactory.java:66)
	at java.util.concurrent.ThreadPoolExecutor.runWorker(ThreadPoolExecutor.java:1146)
	at java.util.concurrent.ThreadPoolExecutor$Worker.run(ThreadPoolExecutor.java:615)
	at java.lang.Thread.run(Thread.java:679)
</failure>
  </testcase>
  <testcase classname="com.lescot.GroovyRdfModelTest" name="testAsk" time="0.041" />
  <testcase classname="com.lescot.GroovyRdfModelTest" name="testEach" time="0.042" />
  <testcase classname="com.lescot.GroovyRdfModelTest" name="testConstruction" time="0.016" />
  <testcase classname="com.lescot.GroovyRdfModelTest" name="testDeleteWithSparql" time="0.054" />
  <testcase classname="com.lescot.GroovyRdfModelTest" name="testAddingATripleWithSPO" time="0.045" />
  <testcase classname="com.lescot.GroovyRdfModelTest" name="testFindWithSelect" time="0.059" />
  <testcase classname="com.lescot.GroovyRdfModelTest" name="testConstructWhere" time="0.038" />
  <testcase classname="com.lescot.GroovyRdfModelTest" name="testTurtleUri" time="0.01" />
  <testcase classname="com.lescot.GroovyRdfModelTest" name="testFindWithConstruct" time="0.033" />
  <testcase classname="com.lescot.GroovyRdfModelTest" name="testInsertWithSparql" time="0.029" />
  <testcase classname="com.lescot.GroovyRdfModelTest" name="testFindWithAsk" time="0.019" />
  <testcase classname="com.lescot.GroovyRdfModelTest" name="testReason" time="0.676" />
  <testcase classname="com.lescot.GroovyRdfModelTest" name="testTurtle" time="0.032" />
  <system-out><![CDATA[]]></system-out>
  <system-err><![CDATA[10-Nov-2013 00:33:52 java_util_logging_Logger$info call
INFO: PREFIX rdfs: <http://www.w3.org/2000/01/rdf-schema#> 
PREFIX provenance: <http://www.w3.org/ns/prov#> 
PREFIX time: <http://www.w3.org/2006/time#> 
PREFIX mmi: <http://www.w3.org/2008/04/mmi-arch/> 
PREFIX event: <http://purl.org/NET/c4dm/event.owl#> 
PREFIX owl: <http://www.w3.org/2002/07/owl#> 
PREFIX xsd: <http://www.w3.org/2001/XMLSchema#> 
PREFIX rdf: <http://www.w3.org/1999/02/22-rdf-syntax-ns#> 
PREFIX scxml: <http://www.w3.org/2005/07/scxml/> 
PREFIX kotg: <http://www.telekom.com/ns/kotg/> 
PREFIX kotw: <http://www.telekom.com/ns/kotw/> 
DESCRIBE kotg:Test
10-Nov-2013 00:33:52 java_util_logging_Logger$info call
INFO: executing describe query
10-Nov-2013 00:33:53 java_util_logging_Logger$info call
INFO: PREFIX rdfs: <http://www.w3.org/2000/01/rdf-schema#> 
PREFIX provenance: <http://www.w3.org/ns/prov#> 
PREFIX time: <http://www.w3.org/2006/time#> 
PREFIX mmi: <http://www.w3.org/2008/04/mmi-arch/> 
PREFIX event: <http://purl.org/NET/c4dm/event.owl#> 
PREFIX owl: <http://www.w3.org/2002/07/owl#> 
PREFIX xsd: <http://www.w3.org/2001/XMLSchema#> 
PREFIX rdf: <http://www.w3.org/1999/02/22-rdf-syntax-ns#> 
PREFIX scxml: <http://www.w3.org/2005/07/scxml/> 
PREFIX kotg: <http://www.telekom.com/ns/kotg/> 
PREFIX kotw: <http://www.telekom.com/ns/kotw/> 
ASK {kotg:Test a kotg:Event}
10-Nov-2013 00:33:53 java_util_logging_Logger$info call
INFO: executing ask query
10-Nov-2013 00:33:53 java_util_logging_Logger$info call
INFO: PREFIX rdfs: <http://www.w3.org/2000/01/rdf-schema#> 
PREFIX provenance: <http://www.w3.org/ns/prov#> 
PREFIX time: <http://www.w3.org/2006/time#> 
PREFIX mmi: <http://www.w3.org/2008/04/mmi-arch/> 
PREFIX event: <http://purl.org/NET/c4dm/event.owl#> 
PREFIX owl: <http://www.w3.org/2002/07/owl#> 
PREFIX xsd: <http://www.w3.org/2001/XMLSchema#> 
PREFIX rdf: <http://www.w3.org/1999/02/22-rdf-syntax-ns#> 
PREFIX scxml: <http://www.w3.org/2005/07/scxml/> 
PREFIX kotg: <http://www.telekom.com/ns/kotg/> 
PREFIX kotw: <http://www.telekom.com/ns/kotw/> 
ASK {kotg:rt a kotg:ExperienceEvent}
10-Nov-2013 00:33:53 java_util_logging_Logger$info call
INFO: executing ask query
10-Nov-2013 00:33:53 java_util_logging_Logger$info call
INFO: PREFIX rdfs: <http://www.w3.org/2000/01/rdf-schema#> 
PREFIX provenance: <http://www.w3.org/ns/prov#> 
PREFIX time: <http://www.w3.org/2006/time#> 
PREFIX mmi: <http://www.w3.org/2008/04/mmi-arch/> 
PREFIX event: <http://purl.org/NET/c4dm/event.owl#> 
PREFIX owl: <http://www.w3.org/2002/07/owl#> 
PREFIX xsd: <http://www.w3.org/2001/XMLSchema#> 
PREFIX rdf: <http://www.w3.org/1999/02/22-rdf-syntax-ns#> 
PREFIX scxml: <http://www.w3.org/2005/07/scxml/> 
PREFIX kotg: <http://www.telekom.com/ns/kotg/> 
PREFIX kotw: <http://www.telekom.com/ns/kotw/> 
ASK {kotg:rt a kotg:ExperienceEvent}
10-Nov-2013 00:33:53 java_util_logging_Logger$info call
INFO: executing ask query
10-Nov-2013 00:33:53 java_util_logging_Logger$info call
INFO: PREFIX rdfs: <http://www.w3.org/2000/01/rdf-schema#> 
PREFIX provenance: <http://www.w3.org/ns/prov#> 
PREFIX time: <http://www.w3.org/2006/time#> 
PREFIX mmi: <http://www.w3.org/2008/04/mmi-arch/> 
PREFIX event: <http://purl.org/NET/c4dm/event.owl#> 
PREFIX owl: <http://www.w3.org/2002/07/owl#> 
PREFIX xsd: <http://www.w3.org/2001/XMLSchema#> 
PREFIX rdf: <http://www.w3.org/1999/02/22-rdf-syntax-ns#> 
PREFIX scxml: <http://www.w3.org/2005/07/scxml/> 
PREFIX kotg: <http://www.telekom.com/ns/kotg/> 
PREFIX kotw: <http://www.telekom.com/ns/kotw/> 
ASK {kotg:Test a kotg:Event}
10-Nov-2013 00:33:53 java_util_logging_Logger$info call
INFO: executing ask query
10-Nov-2013 00:33:53 java_util_logging_Logger$info call
INFO: PREFIX rdfs: <http://www.w3.org/2000/01/rdf-schema#> 
PREFIX provenance: <http://www.w3.org/ns/prov#> 
PREFIX time: <http://www.w3.org/2006/time#> 
PREFIX mmi: <http://www.w3.org/2008/04/mmi-arch/> 
PREFIX event: <http://purl.org/NET/c4dm/event.owl#> 
PREFIX owl: <http://www.w3.org/2002/07/owl#> 
PREFIX xsd: <http://www.w3.org/2001/XMLSchema#> 
PREFIX rdf: <http://www.w3.org/1999/02/22-rdf-syntax-ns#> 
PREFIX scxml: <http://www.w3.org/2005/07/scxml/> 
PREFIX kotg: <http://www.telekom.com/ns/kotg/> 
PREFIX kotw: <http://www.telekom.com/ns/kotw/> 
SELECT ?o WHERE {kotg:Test rdfs:label ?o. }
10-Nov-2013 00:33:53 java_util_logging_Logger$info call
INFO: executing select query
10-Nov-2013 00:33:53 java_util_logging_Logger$info call
INFO: creating resultset
10-Nov-2013 00:33:53 java_util_logging_Logger$info call
INFO: blahblahblah
10-Nov-2013 00:33:53 java_util_logging_Logger$info call
INFO: PREFIX rdfs: <http://www.w3.org/2000/01/rdf-schema#> 
PREFIX provenance: <http://www.w3.org/ns/prov#> 
PREFIX time: <http://www.w3.org/2006/time#> 
PREFIX mmi: <http://www.w3.org/2008/04/mmi-arch/> 
PREFIX event: <http://purl.org/NET/c4dm/event.owl#> 
PREFIX owl: <http://www.w3.org/2002/07/owl#> 
PREFIX xsd: <http://www.w3.org/2001/XMLSchema#> 
PREFIX rdf: <http://www.w3.org/1999/02/22-rdf-syntax-ns#> 
PREFIX scxml: <http://www.w3.org/2005/07/scxml/> 
PREFIX kotg: <http://www.telekom.com/ns/kotg/> 
PREFIX kotw: <http://www.telekom.com/ns/kotw/> 
SELECT ?o WHERE {kotg:Test2 a ?o. }
10-Nov-2013 00:33:53 java_util_logging_Logger$info call
INFO: executing select query
10-Nov-2013 00:33:53 java_util_logging_Logger$info call
INFO: creating resultset
10-Nov-2013 00:33:53 java_util_logging_Logger$info call
INFO: kotg:Event
10-Nov-2013 00:33:53 java_util_logging_Logger$info call
INFO: PREFIX rdfs: <http://www.w3.org/2000/01/rdf-schema#> 
PREFIX provenance: <http://www.w3.org/ns/prov#> 
PREFIX time: <http://www.w3.org/2006/time#> 
PREFIX mmi: <http://www.w3.org/2008/04/mmi-arch/> 
PREFIX event: <http://purl.org/NET/c4dm/event.owl#> 
PREFIX owl: <http://www.w3.org/2002/07/owl#> 
PREFIX xsd: <http://www.w3.org/2001/XMLSchema#> 
PREFIX rdf: <http://www.w3.org/1999/02/22-rdf-syntax-ns#> 
PREFIX scxml: <http://www.w3.org/2005/07/scxml/> 
PREFIX kotg: <http://www.telekom.com/ns/kotg/> 
PREFIX kotw: <http://www.telekom.com/ns/kotw/> 
CONSTRUCT {kotg:Test ?p ?o} 
WHERE {kotg:Test ?p ?o} 

10-Nov-2013 00:33:53 java_util_logging_Logger$info call
INFO: executing construct query
10-Nov-2013 00:33:53 java_util_logging_Logger$info call
INFO: PREFIX rdfs: <http://www.w3.org/2000/01/rdf-schema#> 
PREFIX provenance: <http://www.w3.org/ns/prov#> 
PREFIX time: <http://www.w3.org/2006/time#> 
PREFIX mmi: <http://www.w3.org/2008/04/mmi-arch/> 
PREFIX event: <http://purl.org/NET/c4dm/event.owl#> 
PREFIX owl: <http://www.w3.org/2002/07/owl#> 
PREFIX xsd: <http://www.w3.org/2001/XMLSchema#> 
PREFIX rdf: <http://www.w3.org/1999/02/22-rdf-syntax-ns#> 
PREFIX scxml: <http://www.w3.org/2005/07/scxml/> 
PREFIX kotg: <http://www.telekom.com/ns/kotg/> 
PREFIX kotw: <http://www.telekom.com/ns/kotw/> 
ASK {kotg:Test a kotg:Event}
10-Nov-2013 00:33:53 java_util_logging_Logger$info call
INFO: executing ask query
10-Nov-2013 00:33:53 java_util_logging_Logger$info call
INFO: PREFIX rdfs: <http://www.w3.org/2000/01/rdf-schema#> 
PREFIX provenance: <http://www.w3.org/ns/prov#> 
PREFIX time: <http://www.w3.org/2006/time#> 
PREFIX mmi: <http://www.w3.org/2008/04/mmi-arch/> 
PREFIX event: <http://purl.org/NET/c4dm/event.owl#> 
PREFIX owl: <http://www.w3.org/2002/07/owl#> 
PREFIX xsd: <http://www.w3.org/2001/XMLSchema#> 
PREFIX rdf: <http://www.w3.org/1999/02/22-rdf-syntax-ns#> 
PREFIX scxml: <http://www.w3.org/2005/07/scxml/> 
PREFIX kotg: <http://www.telekom.com/ns/kotg/> 
PREFIX kotw: <http://www.telekom.com/ns/kotw/> 
ASK {kotg:Test rdfs:label 'blahblahblah'}
10-Nov-2013 00:33:53 java_util_logging_Logger$info call
INFO: executing ask query
10-Nov-2013 00:33:53 java_util_logging_Logger$info call
INFO: PREFIX rdfs: <http://www.w3.org/2000/01/rdf-schema#> 
PREFIX provenance: <http://www.w3.org/ns/prov#> 
PREFIX time: <http://www.w3.org/2006/time#> 
PREFIX mmi: <http://www.w3.org/2008/04/mmi-arch/> 
PREFIX event: <http://purl.org/NET/c4dm/event.owl#> 
PREFIX owl: <http://www.w3.org/2002/07/owl#> 
PREFIX xsd: <http://www.w3.org/2001/XMLSchema#> 
PREFIX rdf: <http://www.w3.org/1999/02/22-rdf-syntax-ns#> 
PREFIX scxml: <http://www.w3.org/2005/07/scxml/> 
PREFIX kotg: <http://www.telekom.com/ns/kotg/> 
PREFIX kotw: <http://www.telekom.com/ns/kotw/> 
CONSTRUCT {kotg:Test ?p ?o} WHERE {kotg:Test ?p ?o.}
10-Nov-2013 00:33:53 java_util_logging_Logger$info call
INFO: executing construct query
10-Nov-2013 00:33:53 java_util_logging_Logger$info call
INFO: PREFIX rdfs: <http://www.w3.org/2000/01/rdf-schema#> 
PREFIX provenance: <http://www.w3.org/ns/prov#> 
PREFIX time: <http://www.w3.org/2006/time#> 
PREFIX mmi: <http://www.w3.org/2008/04/mmi-arch/> 
PREFIX event: <http://purl.org/NET/c4dm/event.owl#> 
PREFIX owl: <http://www.w3.org/2002/07/owl#> 
PREFIX xsd: <http://www.w3.org/2001/XMLSchema#> 
PREFIX rdf: <http://www.w3.org/1999/02/22-rdf-syntax-ns#> 
PREFIX scxml: <http://www.w3.org/2005/07/scxml/> 
PREFIX kotg: <http://www.telekom.com/ns/kotg/> 
PREFIX kotw: <http://www.telekom.com/ns/kotw/> 
ASK {kotg:Test a kotg:Event}
10-Nov-2013 00:33:53 java_util_logging_Logger$info call
INFO: executing ask query
10-Nov-2013 00:33:53 java_util_logging_Logger$info call
INFO: PREFIX rdfs: <http://www.w3.org/2000/01/rdf-schema#> 
PREFIX provenance: <http://www.w3.org/ns/prov#> 
PREFIX time: <http://www.w3.org/2006/time#> 
PREFIX mmi: <http://www.w3.org/2008/04/mmi-arch/> 
PREFIX event: <http://purl.org/NET/c4dm/event.owl#> 
PREFIX owl: <http://www.w3.org/2002/07/owl#> 
PREFIX xsd: <http://www.w3.org/2001/XMLSchema#> 
PREFIX rdf: <http://www.w3.org/1999/02/22-rdf-syntax-ns#> 
PREFIX scxml: <http://www.w3.org/2005/07/scxml/> 
PREFIX kotg: <http://www.telekom.com/ns/kotg/> 
PREFIX kotw: <http://www.telekom.com/ns/kotw/> 
ASK {kotg:Test rdfs:label 'blahblahblah'}
10-Nov-2013 00:33:53 java_util_logging_Logger$info call
INFO: executing ask query
10-Nov-2013 00:33:53 java_util_logging_Logger$info call
INFO: PREFIX rdfs: <http://www.w3.org/2000/01/rdf-schema#> 
PREFIX provenance: <http://www.w3.org/ns/prov#> 
PREFIX time: <http://www.w3.org/2006/time#> 
PREFIX mmi: <http://www.w3.org/2008/04/mmi-arch/> 
PREFIX event: <http://purl.org/NET/c4dm/event.owl#> 
PREFIX owl: <http://www.w3.org/2002/07/owl#> 
PREFIX xsd: <http://www.w3.org/2001/XMLSchema#> 
PREFIX rdf: <http://www.w3.org/1999/02/22-rdf-syntax-ns#> 
PREFIX scxml: <http://www.w3.org/2005/07/scxml/> 
PREFIX kotg: <http://www.telekom.com/ns/kotg/> 
PREFIX kotw: <http://www.telekom.com/ns/kotw/> 
ASK {kotg:Test a kotg:Event}
10-Nov-2013 00:33:53 java_util_logging_Logger$info call
INFO: executing ask query
10-Nov-2013 00:33:53 java_util_logging_Logger$info call
INFO: PREFIX rdfs: <http://www.w3.org/2000/01/rdf-schema#> 
PREFIX provenance: <http://www.w3.org/ns/prov#> 
PREFIX time: <http://www.w3.org/2006/time#> 
PREFIX mmi: <http://www.w3.org/2008/04/mmi-arch/> 
PREFIX event: <http://purl.org/NET/c4dm/event.owl#> 
PREFIX owl: <http://www.w3.org/2002/07/owl#> 
PREFIX xsd: <http://www.w3.org/2001/XMLSchema#> 
PREFIX rdf: <http://www.w3.org/1999/02/22-rdf-syntax-ns#> 
PREFIX scxml: <http://www.w3.org/2005/07/scxml/> 
PREFIX kotg: <http://www.telekom.com/ns/kotg/> 
PREFIX kotw: <http://www.telekom.com/ns/kotw/> 
ASK {kotg:Test a kotg:Event}
10-Nov-2013 00:33:53 java_util_logging_Logger$info call
INFO: executing ask query
Classifying 14 elements
Classifying:  7% complete in 00:00Classifying:  14% complete in 00:00Classifying:  21% complete in 00:00Classifying:  28% complete in 00:00Classifying:  35% complete in 00:00Classifying:  42% complete in 00:00Classifying:  50% complete in 00:00Classifying:  57% complete in 00:00Classifying:  64% complete in 00:00Classifying:  71% complete in 00:00Classifying:  78% complete in 00:00Classifying:  85% complete in 00:00Classifying:  92% complete in 00:00Classifying:  100% complete in 00:00
Classifying finished in 00:00
Realizing 14 elements
Realizing:  7% complete in 00:00Realizing:  14% complete in 00:00Realizing:  21% complete in 00:00Realizing:  28% complete in 00:00Realizing:  35% complete in 00:00Realizing:  42% complete in 00:00Realizing:  50% complete in 00:00Realizing:  57% complete in 00:00Realizing:  64% complete in 00:00Realizing:  71% complete in 00:00Realizing:  78% complete in 00:00Realizing:  85% complete in 00:00Realizing:  92% complete in 00:00Realizing:  100% complete in 00:00
Realizing finished in 00:00
10-Nov-2013 00:33:54 java_util_logging_Logger$info call
INFO: PREFIX rdfs: <http://www.w3.org/2000/01/rdf-schema#> 
PREFIX provenance: <http://www.w3.org/ns/prov#> 
PREFIX time: <http://www.w3.org/2006/time#> 
PREFIX mmi: <http://www.w3.org/2008/04/mmi-arch/> 
PREFIX event: <http://purl.org/NET/c4dm/event.owl#> 
PREFIX owl: <http://www.w3.org/2002/07/owl#> 
PREFIX xsd: <http://www.w3.org/2001/XMLSchema#> 
PREFIX rdf: <http://www.w3.org/1999/02/22-rdf-syntax-ns#> 
PREFIX scxml: <http://www.w3.org/2005/07/scxml/> 
PREFIX kotg: <http://www.telekom.com/ns/kotg/> 
PREFIX kotw: <http://www.telekom.com/ns/kotw/> 
ASK {kotg:rt a kotg:Event}
10-Nov-2013 00:33:54 java_util_logging_Logger$info call
INFO: executing ask query
]]></system-err>
</testsuite>
